<?xml version="1.0" encoding="UTF-8"?>
<!-- Generated by org.testng.reporters.JUnitReportReporter -->
<testsuite skipped="0" hostname="Babus-MacBook-Pro.local" name="com.opencart.testcases.TC001_ConfirmOrder" tests="1" failures="0" timestamp="2023-05-18T10:18:02 IST" time="31.031" errors="0">
  <testcase name="runCart" time="31.031" classname="com.opencart.testcases.TC001_ConfirmOrder"/>
  <system-out/>
</testsuite> <!-- com.opencart.testcases.TC001_ConfirmOrder -->
